生成启动时间为 2020/5/10 22:51:13。
     1>项目“c:\Users\86130\documents\visual studio 2013\Projects\MFC14\MFC14\MFC14.vcxproj”在节点 2 上(Build 个目标)。
     1>ClCompile:
         D:\vs2013\VC\bin\CL.exe /c /ZI /nologo /W3 /WX- /sdl /Od /Oy- /D WIN32 /D _WINDOWS /D _DEBUG /D _UNICODE /D UNICODE /D _AFXDLL /Gm /EHsc /RTC1 /MDd /GS /fp:precise /Zc:wchar_t /Zc:forScope /Yu"stdafx.h" /Fp"Debug\MFC14.pch" /Fo"Debug\\" /Fd"Debug\vc120.pdb" /Gd /TP /analyze- /errorReport:prompt MFC14View.cpp
         MFC14View.cpp
     1>c:\users\86130\documents\visual studio 2013\projects\mfc14\mfc14\mfc14view.cpp(121): warning C4244: “初始化”: 从“double”转换到“float”，可能丢失数据
     1>c:\users\86130\documents\visual studio 2013\projects\mfc14\mfc14\mfc14view.cpp(122): warning C4244: “初始化”: 从“double”转换到“float”，可能丢失数据
     1>c:\users\86130\documents\visual studio 2013\projects\mfc14\mfc14\mfc14view.cpp(126): warning C4244: “=”: 从“float”转换到“int”，可能丢失数据
     1>c:\users\86130\documents\visual studio 2013\projects\mfc14\mfc14\mfc14view.cpp(133): warning C4244: “=”: 从“float”转换到“int”，可能丢失数据
       Link:
         D:\vs2013\VC\bin\link.exe /ERRORREPORT:PROMPT /OUT:"c:\users\86130\documents\visual studio 2013\Projects\MFC14\Debug\MFC14.exe" /INCREMENTAL /NOLOGO /MANIFEST /MANIFESTUAC:"level='asInvoker' uiAccess='false'" /manifest:embed /manifestinput:D:\vs2013\VC\Include\Manifest\dpiaware.manifest /DEBUG /PDB:"c:\users\86130\documents\visual studio 2013\Projects\MFC14\Debug\MFC14.pdb" /SUBSYSTEM:WINDOWS /TLBID:1 /ENTRY:"wWinMainCRTStartup" /DYNAMICBASE /NXCOMPAT /IMPLIB:"c:\users\86130\documents\visual studio 2013\Projects\MFC14\Debug\MFC14.lib" /MACHINE:X86 Debug\MFC14.res
         Debug\MainFrm.obj
         Debug\MFC14.obj
         Debug\MFC14Doc.obj
         Debug\MFC14View.obj
         Debug\stdafx.obj
         MFC14.vcxproj -> c:\users\86130\documents\visual studio 2013\Projects\MFC14\Debug\MFC14.exe
     1>已完成生成项目“c:\Users\86130\documents\visual studio 2013\Projects\MFC14\MFC14\MFC14.vcxproj”(Build 个目标)的操作。

生成成功。

已用时间 00:00:00.87
