生成启动时间为 2020/6/29 0:32:55。
     1>项目“D:\MyProject\llibrary2\usinglb2\usinglb2.vcxproj”在节点 2 上(Build 个目标)。
     1>ClCompile:
         D:\vs2013\VC\bin\CL.exe /c /I..\lb2 /ZI /nologo /W3 /WX- /sdl /Od /Oy- /D WIN32 /D _WINDOWS /D _DEBUG /D _UNICODE /D UNICODE /D _AFXDLL /Gm /EHsc /RTC1 /MDd /GS /fp:precise /Zc:wchar_t /Zc:forScope /Yc"stdafx.h" /Fp"Debug\usinglb2.pch" /Fo"Debug\\" /Fd"Debug\vc120.pdb" /Gd /TP /analyze- /errorReport:prompt stdafx.cpp
         stdafx.cpp
         D:\vs2013\VC\bin\CL.exe /c /I..\lb2 /ZI /nologo /W3 /WX- /sdl /Od /Oy- /D WIN32 /D _WINDOWS /D _DEBUG /D _UNICODE /D UNICODE /D _AFXDLL /Gm /EHsc /RTC1 /MDd /GS /fp:precise /Zc:wchar_t /Zc:forScope /Yu"stdafx.h" /Fp"Debug\usinglb2.pch" /Fo"Debug\\" /Fd"Debug\vc120.pdb" /Gd /TP /analyze- /errorReport:prompt MainFrm.cpp usinglb2.cpp usinglb2Doc.cpp usinglb2View.cpp
         usinglb2View.cpp
         usinglb2Doc.cpp
         usinglb2.cpp
         MainFrm.cpp
         正在生成代码...
       ResourceCompile:
         C:\Program Files (x86)\Windows Kits\8.1\bin\x86\rc.exe /D _DEBUG /D _UNICODE /D UNICODE /D _AFXDLL /l"0x0804" /IDebug\ /nologo /fo"Debug\usinglb2.res" usinglb2.rc 
       Link:
         D:\vs2013\VC\bin\link.exe /ERRORREPORT:PROMPT /OUT:"D:\MyProject\llibrary2\Debug\usinglb2.exe" /INCREMENTAL /NOLOGO /LIBPATH:..\Debug lb2.lib /MANIFEST /MANIFESTUAC:"level='asInvoker' uiAccess='false'" /manifest:embed /manifestinput:D:\vs2013\VC\Include\Manifest\dpiaware.manifest /DEBUG /PDB:"D:\MyProject\llibrary2\Debug\usinglb2.pdb" /SUBSYSTEM:WINDOWS /TLBID:1 /ENTRY:"wWinMainCRTStartup" /DYNAMICBASE /NXCOMPAT /IMPLIB:"D:\MyProject\llibrary2\Debug\usinglb2.lib" /MACHINE:X86 Debug\usinglb2.res
         Debug\MainFrm.obj
         Debug\stdafx.obj
         Debug\usinglb2.obj
         Debug\usinglb2Doc.obj
         Debug\usinglb2View.obj
         usinglb2.vcxproj -> D:\MyProject\llibrary2\Debug\usinglb2.exe
     1>已完成生成项目“D:\MyProject\llibrary2\usinglb2\usinglb2.vcxproj”(Build 个目标)的操作。

生成成功。

已用时间 00:00:12.25
