生成启动时间为 2020/5/11 15:37:14。
     1>项目“c:\Users\cetc416\documents\visual studio 2013\Projects\MFC001\MFC001\MFC001.vcxproj”在节点 2 上(Build 个目标)。
     1>ClCompile:
         C:\Program Files (x86)\Microsoft Visual Studio 12.0\VC\bin\CL.exe /c /ZI /nologo /W3 /WX- /sdl /Od /Oy- /D WIN32 /D _WINDOWS /D _DEBUG /D _UNICODE /D UNICODE /D _AFXDLL /Gm /EHsc /RTC1 /MDd /GS /fp:precise /Zc:wchar_t /Zc:forScope /Yu"stdafx.h" /Fp"Debug\MFC001.pch" /Fo"Debug\\" /Fd"Debug\vc120.pdb" /Gd /TP /analyze- /errorReport:prompt MFC001.cpp MFC001Doc.cpp MFC001View.cpp
         MFC001View.cpp
         MFC001Doc.cpp
         正在生成代码...
         正在跳过...(未检测到相关更改)
         MFC001.cpp
       Link:
         C:\Program Files (x86)\Microsoft Visual Studio 12.0\VC\bin\link.exe /ERRORREPORT:PROMPT /OUT:"c:\users\cetc416\documents\visual studio 2013\Projects\MFC001\Debug\MFC001.exe" /INCREMENTAL /NOLOGO /MANIFEST /MANIFESTUAC:"level='asInvoker' uiAccess='false'" /manifest:embed /manifestinput:"C:\Program Files (x86)\Microsoft Visual Studio 12.0\VC\Include\Manifest\dpiaware.manifest" /DEBUG /PDB:"c:\users\cetc416\documents\visual studio 2013\Projects\MFC001\Debug\MFC001.pdb" /SUBSYSTEM:WINDOWS /TLBID:1 /ENTRY:"wWinMainCRTStartup" /DYNAMICBASE /NXCOMPAT /IMPLIB:"c:\users\cetc416\documents\visual studio 2013\Projects\MFC001\Debug\MFC001.lib" /MACHINE:X86 Debug\MFC001.res
         Debug\MainFrm.obj
         Debug\MFC001.obj
         Debug\MFC001Doc.obj
         Debug\MFC001View.obj
         Debug\stdafx.obj
         MFC001.vcxproj -> c:\users\cetc416\documents\visual studio 2013\Projects\MFC001\Debug\MFC001.exe
     1>已完成生成项目“c:\Users\cetc416\documents\visual studio 2013\Projects\MFC001\MFC001\MFC001.vcxproj”(Build 个目标)的操作。

生成成功。

已用时间 00:00:00.81
