生成启动时间为 2020/5/18 16:31:45。
     1>项目“c:\Users\86130\documents\visual studio 2013\Projects\MFC17\MFC17\MFC17.vcxproj”在节点 2 上(Build 个目标)。
     1>ClCompile:
         D:\vs2013\VC\bin\CL.exe /c /ZI /nologo /W3 /WX- /sdl /Od /Oy- /D WIN32 /D _WINDOWS /D _DEBUG /D _UNICODE /D UNICODE /D _AFXDLL /Gm /EHsc /RTC1 /MDd /GS /fp:precise /Zc:wchar_t /Zc:forScope /Yc"stdafx.h" /Fp"Debug\MFC17.pch" /Fo"Debug\\" /Fd"Debug\vc120.pdb" /Gd /TP /analyze- /errorReport:prompt stdafx.cpp
         stdafx.cpp
         D:\vs2013\VC\bin\CL.exe /c /ZI /nologo /W3 /WX- /sdl /Od /Oy- /D WIN32 /D _WINDOWS /D _DEBUG /D _UNICODE /D UNICODE /D _AFXDLL /Gm /EHsc /RTC1 /MDd /GS /fp:precise /Zc:wchar_t /Zc:forScope /Yu"stdafx.h" /Fp"Debug\MFC17.pch" /Fo"Debug\\" /Fd"Debug\vc120.pdb" /Gd /TP /analyze- /errorReport:prompt MainFrm.cpp MFC17.cpp MFC17Doc.cpp MFC17View.cpp MyDlgo.cpp
         MyDlgo.cpp
         MFC17View.cpp
         MFC17Doc.cpp
         MFC17.cpp
         MainFrm.cpp
         正在生成代码...
       ResourceCompile:
         C:\Program Files (x86)\Windows Kits\8.1\bin\x86\rc.exe /D _DEBUG /D _UNICODE /D UNICODE /D _AFXDLL /l"0x0804" /IDebug\ /nologo /fo"Debug\MFC17.res" MFC17.rc 
       Link:
         D:\vs2013\VC\bin\link.exe /ERRORREPORT:PROMPT /OUT:"c:\users\86130\documents\visual studio 2013\Projects\MFC17\Debug\MFC17.exe" /INCREMENTAL /NOLOGO /MANIFEST /MANIFESTUAC:"level='asInvoker' uiAccess='false'" /manifest:embed /manifestinput:D:\vs2013\VC\Include\Manifest\dpiaware.manifest /DEBUG /PDB:"c:\users\86130\documents\visual studio 2013\Projects\MFC17\Debug\MFC17.pdb" /SUBSYSTEM:WINDOWS /TLBID:1 /ENTRY:"wWinMainCRTStartup" /DYNAMICBASE /NXCOMPAT /IMPLIB:"c:\users\86130\documents\visual studio 2013\Projects\MFC17\Debug\MFC17.lib" /MACHINE:X86 Debug\MFC17.res
         Debug\MainFrm.obj
         Debug\MFC17.obj
         Debug\MFC17Doc.obj
         Debug\MFC17View.obj
         Debug\MyDlgo.obj
         Debug\stdafx.obj
         MFC17.vcxproj -> c:\users\86130\documents\visual studio 2013\Projects\MFC17\Debug\MFC17.exe
     1>已完成生成项目“c:\Users\86130\documents\visual studio 2013\Projects\MFC17\MFC17\MFC17.vcxproj”(Build 个目标)的操作。

生成成功。

已用时间 00:00:04.63
