生成启动时间为 2020/3/23 14:33:19。
     1>项目“c:\Users\86130\documents\visual studio 2013\Projects\MFC1\MFC1\MFC1.vcxproj”在节点 2 上(Build 个目标)。
     1>ClCompile:
         C:\Program Files (x86)\Microsoft Visual Studio 12.0\VC\bin\CL.exe /c /ZI /nologo /W3 /WX- /sdl /Od /Oy- /D WIN32 /D _WINDOWS /D _DEBUG /D _UNICODE /D UNICODE /D _AFXDLL /Gm /EHsc /RTC1 /MDd /GS /fp:precise /Zc:wchar_t /Zc:forScope /Yu"stdafx.h" /Fp"Debug\MFC1.pch" /Fo"Debug\\" /Fd"Debug\vc120.pdb" /Gd /TP /analyze- /errorReport:prompt MainFrm.cpp MFC1.cpp MFC1Doc.cpp
         MFC1Doc.cpp
         MFC1.cpp
         MainFrm.cpp
         正在生成代码...
       ResourceCompile:
         C:\Program Files (x86)\Windows Kits\8.1\bin\x86\rc.exe /D _DEBUG /D _UNICODE /D UNICODE /D _AFXDLL /l"0x0804" /IDebug\ /nologo /fo"Debug\MFC1.res" MFC1.rc 
       Link:
         C:\Program Files (x86)\Microsoft Visual Studio 12.0\VC\bin\link.exe /ERRORREPORT:PROMPT /OUT:"c:\users\86130\documents\visual studio 2013\Projects\MFC1\Debug\MFC1.exe" /INCREMENTAL /NOLOGO /MANIFEST /MANIFESTUAC:"level='asInvoker' uiAccess='false'" /manifest:embed /manifestinput:"C:\Program Files (x86)\Microsoft Visual Studio 12.0\VC\Include\Manifest\dpiaware.manifest" /DEBUG /PDB:"c:\users\86130\documents\visual studio 2013\Projects\MFC1\Debug\MFC1.pdb" /SUBSYSTEM:WINDOWS /TLBID:1 /ENTRY:"wWinMainCRTStartup" /DYNAMICBASE /NXCOMPAT /IMPLIB:"c:\users\86130\documents\visual studio 2013\Projects\MFC1\Debug\MFC1.lib" /MACHINE:X86 Debug\MFC1.res
         Debug\MainFrm.obj
         Debug\MFC1.obj
         Debug\MFC1Doc.obj
         Debug\MFC1View.obj
         Debug\stdafx.obj
         MFC1.vcxproj -> c:\users\86130\documents\visual studio 2013\Projects\MFC1\Debug\MFC1.exe
     1>已完成生成项目“c:\Users\86130\documents\visual studio 2013\Projects\MFC1\MFC1\MFC1.vcxproj”(Build 个目标)的操作。

生成成功。

已用时间 00:00:01.39
