生成启动时间为 2020/6/22 23:20:02。
     1>项目“C:\Users\86130\Desktop\MFC27\MFC27\MFC27.vcxproj”在节点 2 上(Build 个目标)。
     1>ClCompile:
         D:\vs2013\VC\bin\CL.exe /c /ZI /nologo /W3 /WX- /sdl /Od /Oy- /D WIN32 /D _WINDOWS /D _DEBUG /D _UNICODE /D UNICODE /D _AFXDLL /Gm /EHsc /RTC1 /MDd /GS /fp:precise /Zc:wchar_t /Zc:forScope /Yc"stdafx.h" /Fp"Debug\MFC27.pch" /Fo"Debug\\" /Fd"Debug\vc120.pdb" /Gd /TP /analyze- /errorReport:prompt stdafx.cpp
         stdafx.cpp
         D:\vs2013\VC\bin\CL.exe /c /ZI /nologo /W3 /WX- /sdl /Od /Oy- /D WIN32 /D _WINDOWS /D _DEBUG /D _UNICODE /D UNICODE /D _AFXDLL /Gm /EHsc /RTC1 /MDd /GS /fp:precise /Zc:wchar_t /Zc:forScope /Yu"stdafx.h" /Fp"Debug\MFC27.pch" /Fo"Debug\\" /Fd"Debug\vc120.pdb" /Gd /TP /analyze- /errorReport:prompt MainFrm.cpp MFC27.cpp MFC27Doc.cpp MFC27View.cpp MyDlg1.cpp
         MyDlg1.cpp
         MFC27View.cpp
         MFC27Doc.cpp
         MFC27.cpp
         MainFrm.cpp
         正在生成代码...
       ResourceCompile:
         C:\Program Files (x86)\Windows Kits\8.1\bin\x86\rc.exe /D _DEBUG /D _UNICODE /D UNICODE /D _AFXDLL /l"0x0804" /IDebug\ /nologo /fo"Debug\MFC27.res" MFC27.rc 
       Link:
         D:\vs2013\VC\bin\link.exe /ERRORREPORT:PROMPT /OUT:"C:\Users\86130\Desktop\MFC27\Debug\MFC27.exe" /INCREMENTAL /NOLOGO /MANIFEST /MANIFESTUAC:"level='asInvoker' uiAccess='false'" /manifest:embed /manifestinput:D:\vs2013\VC\Include\Manifest\dpiaware.manifest /DEBUG /PDB:"C:\Users\86130\Desktop\MFC27\Debug\MFC27.pdb" /SUBSYSTEM:WINDOWS /TLBID:1 /ENTRY:"wWinMainCRTStartup" /DYNAMICBASE /NXCOMPAT /IMPLIB:"C:\Users\86130\Desktop\MFC27\Debug\MFC27.lib" /MACHINE:X86 Debug\MFC27.res
         Debug\MainFrm.obj
         Debug\MFC27.obj
         Debug\MFC27Doc.obj
         Debug\MFC27View.obj
         Debug\MyDlg1.obj
         Debug\stdafx.obj
         MFC27.vcxproj -> C:\Users\86130\Desktop\MFC27\Debug\MFC27.exe
     1>已完成生成项目“C:\Users\86130\Desktop\MFC27\MFC27\MFC27.vcxproj”(Build 个目标)的操作。

生成成功。

已用时间 00:00:06.03
