生成启动时间为 2020/3/30 17:00:31。
     1>项目“c:\Users\86130\documents\visual studio 2013\Projects\MFC6\MFC6\MFC6.vcxproj”在节点 2 上(Build 个目标)。
     1>ClCompile:
         C:\Program Files (x86)\Microsoft Visual Studio 12.0\VC\bin\CL.exe /c /ZI /nologo /W3 /WX- /sdl /Od /Oy- /D WIN32 /D _WINDOWS /D _DEBUG /D _UNICODE /D UNICODE /D _AFXDLL /Gm /EHsc /RTC1 /MDd /GS /fp:precise /Zc:wchar_t /Zc:forScope /Yc"stdafx.h" /Fp"Debug\MFC6.pch" /Fo"Debug\\" /Fd"Debug\vc120.pdb" /Gd /TP /analyze- /errorReport:prompt stdafx.cpp
         stdafx.cpp
         C:\Program Files (x86)\Microsoft Visual Studio 12.0\VC\bin\CL.exe /c /ZI /nologo /W3 /WX- /sdl /Od /Oy- /D WIN32 /D _WINDOWS /D _DEBUG /D _UNICODE /D UNICODE /D _AFXDLL /Gm /EHsc /RTC1 /MDd /GS /fp:precise /Zc:wchar_t /Zc:forScope /Yu"stdafx.h" /Fp"Debug\MFC6.pch" /Fo"Debug\\" /Fd"Debug\vc120.pdb" /Gd /TP /analyze- /errorReport:prompt MainFrm.cpp MFC6.cpp MFC6Doc.cpp MFC6View.cpp
         MFC6View.cpp
         MFC6Doc.cpp
         MFC6.cpp
         MainFrm.cpp
         正在生成代码...
       ResourceCompile:
         C:\Program Files (x86)\Windows Kits\8.1\bin\x86\rc.exe /D _DEBUG /D _UNICODE /D UNICODE /D _AFXDLL /l"0x0804" /IDebug\ /nologo /fo"Debug\MFC6.res" MFC6.rc 
       Link:
         C:\Program Files (x86)\Microsoft Visual Studio 12.0\VC\bin\link.exe /ERRORREPORT:PROMPT /OUT:"c:\users\86130\documents\visual studio 2013\Projects\MFC6\Debug\MFC6.exe" /INCREMENTAL /NOLOGO /MANIFEST /MANIFESTUAC:"level='asInvoker' uiAccess='false'" /manifest:embed /manifestinput:"C:\Program Files (x86)\Microsoft Visual Studio 12.0\VC\Include\Manifest\dpiaware.manifest" /DEBUG /PDB:"c:\users\86130\documents\visual studio 2013\Projects\MFC6\Debug\MFC6.pdb" /SUBSYSTEM:WINDOWS /TLBID:1 /ENTRY:"wWinMainCRTStartup" /DYNAMICBASE /NXCOMPAT /IMPLIB:"c:\users\86130\documents\visual studio 2013\Projects\MFC6\Debug\MFC6.lib" /MACHINE:X86 Debug\MFC6.res
         Debug\MainFrm.obj
         Debug\MFC6.obj
         Debug\MFC6Doc.obj
         Debug\MFC6View.obj
         Debug\stdafx.obj
         MFC6.vcxproj -> c:\users\86130\documents\visual studio 2013\Projects\MFC6\Debug\MFC6.exe
     1>已完成生成项目“c:\Users\86130\documents\visual studio 2013\Projects\MFC6\MFC6\MFC6.vcxproj”(Build 个目标)的操作。

生成成功。

已用时间 00:00:04.35
