生成启动时间为 2020/5/9 23:13:27。
     1>项目“c:\Users\86130\documents\visual studio 2013\Projects\MFC11\MFC11\MFC11.vcxproj”在节点 2 上(Build 个目标)。
     1>ClCompile:
         D:\vs2013\VC\bin\CL.exe /c /ZI /nologo /W3 /WX- /sdl /Od /Oy- /D WIN32 /D _WINDOWS /D _DEBUG /D _UNICODE /D UNICODE /D _AFXDLL /Gm /EHsc /RTC1 /MDd /GS /fp:precise /Zc:wchar_t /Zc:forScope /Yu"stdafx.h" /Fp"Debug\MFC11.pch" /Fo"Debug\\" /Fd"Debug\vc120.pdb" /Gd /TP /analyze- /errorReport:prompt MFC11.cpp MFC11Doc.cpp MFC11View.cpp MainFrm.cpp
         正在跳过...(未检测到相关更改)
         MainFrm.cpp
         MFC11View.cpp
         MFC11Doc.cpp
         MFC11.cpp
       ResourceCompile:
         C:\Program Files (x86)\Windows Kits\8.1\bin\x86\rc.exe /D _DEBUG /D _UNICODE /D UNICODE /D _AFXDLL /l"0x0804" /IDebug\ /nologo /fo"Debug\MFC11.res" MFC11.rc 
       Link:
         D:\vs2013\VC\bin\link.exe /ERRORREPORT:PROMPT /OUT:"c:\users\86130\documents\visual studio 2013\Projects\MFC11\Debug\MFC11.exe" /INCREMENTAL /NOLOGO /MANIFEST /MANIFESTUAC:"level='asInvoker' uiAccess='false'" /manifest:embed /manifestinput:D:\vs2013\VC\Include\Manifest\dpiaware.manifest /DEBUG /PDB:"c:\users\86130\documents\visual studio 2013\Projects\MFC11\Debug\MFC11.pdb" /SUBSYSTEM:WINDOWS /TLBID:1 /ENTRY:"wWinMainCRTStartup" /DYNAMICBASE /NXCOMPAT /IMPLIB:"c:\users\86130\documents\visual studio 2013\Projects\MFC11\Debug\MFC11.lib" /MACHINE:X86 Debug\MFC11.res
         Debug\MainFrm.obj
         Debug\MFC11.obj
         Debug\MFC11Doc.obj
         Debug\MFC11View.obj
         Debug\stdafx.obj
         MFC11.vcxproj -> c:\users\86130\documents\visual studio 2013\Projects\MFC11\Debug\MFC11.exe
     1>已完成生成项目“c:\Users\86130\documents\visual studio 2013\Projects\MFC11\MFC11\MFC11.vcxproj”(Build 个目标)的操作。

生成成功。

已用时间 00:00:03.65
