生成启动时间为 2020/6/29 10:16:02。
     1>项目“c:\Users\86130\documents\visual studio 2013\Projects\library3\usinglb3\usinglb3.vcxproj”在节点 2 上(Build 个目标)。
     1>ClCompile:
         D:\vs2013\VC\bin\CL.exe /c /I..\lb3 /ZI /nologo /W3 /WX- /sdl /Od /Oy- /D WIN32 /D _WINDOWS /D _DEBUG /D _UNICODE /D UNICODE /D _AFXDLL /Gm /EHsc /RTC1 /MDd /GS /fp:precise /Zc:wchar_t /Zc:forScope /Yc"stdafx.h" /Fp"Debug\usinglb3.pch" /Fo"Debug\\" /Fd"Debug\vc120.pdb" /Gd /TP /analyze- /errorReport:prompt stdafx.cpp
         stdafx.cpp
         D:\vs2013\VC\bin\CL.exe /c /I..\lb3 /ZI /nologo /W3 /WX- /sdl /Od /Oy- /D WIN32 /D _WINDOWS /D _DEBUG /D _UNICODE /D UNICODE /D _AFXDLL /Gm /EHsc /RTC1 /MDd /GS /fp:precise /Zc:wchar_t /Zc:forScope /Yu"stdafx.h" /Fp"Debug\usinglb3.pch" /Fo"Debug\\" /Fd"Debug\vc120.pdb" /Gd /TP /analyze- /errorReport:prompt MainFrm.cpp usinglb3.cpp usinglb3Doc.cpp usinglb3View.cpp
         usinglb3View.cpp
         usinglb3Doc.cpp
         usinglb3.cpp
         MainFrm.cpp
         正在生成代码...
       ResourceCompile:
         C:\Program Files (x86)\Windows Kits\8.1\bin\x86\rc.exe /D _DEBUG /D _UNICODE /D UNICODE /D _AFXDLL /l"0x0804" /IDebug\ /nologo /fo"Debug\usinglb3.res" usinglb3.rc 
       Link:
         D:\vs2013\VC\bin\link.exe /ERRORREPORT:PROMPT /OUT:"c:\users\86130\documents\visual studio 2013\Projects\library3\Debug\usinglb3.exe" /INCREMENTAL /NOLOGO /LIBPATH:..\Debug lb3.lib /MANIFEST /MANIFESTUAC:"level='asInvoker' uiAccess='false'" /manifest:embed /manifestinput:D:\vs2013\VC\Include\Manifest\dpiaware.manifest /DEBUG /PDB:"c:\users\86130\documents\visual studio 2013\Projects\library3\Debug\usinglb3.pdb" /SUBSYSTEM:WINDOWS /TLBID:1 /ENTRY:"wWinMainCRTStartup" /DYNAMICBASE /NXCOMPAT /IMPLIB:"c:\users\86130\documents\visual studio 2013\Projects\library3\Debug\usinglb3.lib" /MACHINE:X86 Debug\usinglb3.res
         Debug\MainFrm.obj
         Debug\stdafx.obj
         Debug\usinglb3.obj
         Debug\usinglb3Doc.obj
         Debug\usinglb3View.obj
         usinglb3.vcxproj -> c:\users\86130\documents\visual studio 2013\Projects\library3\Debug\usinglb3.exe
     1>已完成生成项目“c:\Users\86130\documents\visual studio 2013\Projects\library3\usinglb3\usinglb3.vcxproj”(Build 个目标)的操作。

生成成功。

已用时间 00:00:05.38
