生成启动时间为 2020/6/20 17:44:44。
     1>项目“c:\Users\86130\documents\visual studio 2013\Projects\MFC24\MFC24\MFC24.vcxproj”在节点 2 上(Build 个目标)。
     1>ClCompile:
         D:\vs2013\VC\bin\CL.exe /c /ZI /nologo /W3 /WX- /sdl /Od /Oy- /D WIN32 /D _WINDOWS /D _DEBUG /D _UNICODE /D UNICODE /D _AFXDLL /Gm /EHsc /RTC1 /MDd /GS /fp:precise /Zc:wchar_t /Zc:forScope /Yc"stdafx.h" /Fp"Debug\MFC24.pch" /Fo"Debug\\" /Fd"Debug\vc120.pdb" /Gd /TP /analyze- /errorReport:prompt stdafx.cpp
         stdafx.cpp
         D:\vs2013\VC\bin\CL.exe /c /ZI /nologo /W3 /WX- /sdl /Od /Oy- /D WIN32 /D _WINDOWS /D _DEBUG /D _UNICODE /D UNICODE /D _AFXDLL /Gm /EHsc /RTC1 /MDd /GS /fp:precise /Zc:wchar_t /Zc:forScope /Yu"stdafx.h" /Fp"Debug\MFC24.pch" /Fo"Debug\\" /Fd"Debug\vc120.pdb" /Gd /TP /analyze- /errorReport:prompt MainFrm.cpp MFC24.cpp MFC24Doc.cpp MFC24View.cpp MyDlg0.cpp
         MyDlg0.cpp
         MFC24View.cpp
         MFC24Doc.cpp
         MFC24.cpp
         MainFrm.cpp
         正在生成代码...
       ResourceCompile:
         C:\Program Files (x86)\Windows Kits\8.1\bin\x86\rc.exe /D _DEBUG /D _UNICODE /D UNICODE /D _AFXDLL /l"0x0804" /IDebug\ /nologo /fo"Debug\MFC24.res" MFC24.rc 
       Link:
         D:\vs2013\VC\bin\link.exe /ERRORREPORT:PROMPT /OUT:"c:\users\86130\documents\visual studio 2013\Projects\MFC24\Debug\MFC24.exe" /INCREMENTAL /NOLOGO /MANIFEST /MANIFESTUAC:"level='asInvoker' uiAccess='false'" /manifest:embed /manifestinput:D:\vs2013\VC\Include\Manifest\dpiaware.manifest /DEBUG /PDB:"c:\users\86130\documents\visual studio 2013\Projects\MFC24\Debug\MFC24.pdb" /SUBSYSTEM:WINDOWS /TLBID:1 /ENTRY:"wWinMainCRTStartup" /DYNAMICBASE /NXCOMPAT /IMPLIB:"c:\users\86130\documents\visual studio 2013\Projects\MFC24\Debug\MFC24.lib" /MACHINE:X86 Debug\MFC24.res
         Debug\MainFrm.obj
         Debug\MFC24.obj
         Debug\MFC24Doc.obj
         Debug\MFC24View.obj
         Debug\MyDlg0.obj
         Debug\stdafx.obj
         MFC24.vcxproj -> c:\users\86130\documents\visual studio 2013\Projects\MFC24\Debug\MFC24.exe
     1>已完成生成项目“c:\Users\86130\documents\visual studio 2013\Projects\MFC24\MFC24\MFC24.vcxproj”(Build 个目标)的操作。

生成成功。

已用时间 00:00:05.34
