生成启动时间为 2020/6/29 0:03:45。
     1>项目“D:\MyProject\MFC28\MFC28\MFC28.vcxproj”在节点 2 上(Build 个目标)。
     1>ClCompile:
         D:\vs2013\VC\bin\CL.exe /c /ZI /nologo /W3 /WX- /sdl /Od /Oy- /D WIN32 /D _WINDOWS /D _DEBUG /D _UNICODE /D UNICODE /D _AFXDLL /Gm /EHsc /RTC1 /MDd /GS /fp:precise /Zc:wchar_t /Zc:forScope /Yc"stdafx.h" /Fp"Debug\MFC28.pch" /Fo"Debug\\" /Fd"Debug\vc120.pdb" /Gd /TP /analyze- /errorReport:prompt stdafx.cpp
         stdafx.cpp
         D:\vs2013\VC\bin\CL.exe /c /ZI /nologo /W3 /WX- /sdl /Od /Oy- /D WIN32 /D _WINDOWS /D _DEBUG /D _UNICODE /D UNICODE /D _AFXDLL /Gm /EHsc /RTC1 /MDd /GS /fp:precise /Zc:wchar_t /Zc:forScope /Yu"stdafx.h" /Fp"Debug\MFC28.pch" /Fo"Debug\\" /Fd"Debug\vc120.pdb" /Gd /TP /analyze- /errorReport:prompt Dlg1.cpp MainFrm.cpp MFC28.cpp MFC28Doc.cpp MFC28View.cpp
         MFC28View.cpp
         MFC28Doc.cpp
         MFC28.cpp
         MainFrm.cpp
         Dlg1.cpp
     1>d:\myproject\mfc28\mfc28\dlg1.cpp(43): warning C4244: “初始化”: 从“double”转换到“float”，可能丢失数据
     1>d:\myproject\mfc28\mfc28\dlg1.cpp(44): warning C4244: “初始化”: 从“double”转换到“float”，可能丢失数据
     1>d:\myproject\mfc28\mfc28\dlg1.cpp(48): warning C4244: “=”: 从“float”转换到“int”，可能丢失数据
     1>d:\myproject\mfc28\mfc28\dlg1.cpp(55): warning C4244: “=”: 从“float”转换到“int”，可能丢失数据
         正在生成代码...
       ResourceCompile:
         C:\Program Files (x86)\Windows Kits\8.1\bin\x86\rc.exe /D _DEBUG /D _UNICODE /D UNICODE /D _AFXDLL /l"0x0804" /IDebug\ /nologo /fo"Debug\MFC28.res" MFC28.rc 
       Link:
         D:\vs2013\VC\bin\link.exe /ERRORREPORT:PROMPT /OUT:"D:\MyProject\MFC28\Debug\MFC28.exe" /INCREMENTAL /NOLOGO /MANIFEST /MANIFESTUAC:"level='asInvoker' uiAccess='false'" /manifest:embed /manifestinput:D:\vs2013\VC\Include\Manifest\dpiaware.manifest /DEBUG /PDB:"D:\MyProject\MFC28\Debug\MFC28.pdb" /SUBSYSTEM:WINDOWS /TLBID:1 /ENTRY:"wWinMainCRTStartup" /DYNAMICBASE /NXCOMPAT /IMPLIB:"D:\MyProject\MFC28\Debug\MFC28.lib" /MACHINE:X86 Debug\MFC28.res
         Debug\Dlg1.obj
         Debug\MainFrm.obj
         Debug\MFC28.obj
         Debug\MFC28Doc.obj
         Debug\MFC28View.obj
         Debug\stdafx.obj
         MFC28.vcxproj -> D:\MyProject\MFC28\Debug\MFC28.exe
     1>已完成生成项目“D:\MyProject\MFC28\MFC28\MFC28.vcxproj”(Build 个目标)的操作。

生成成功。

已用时间 00:00:13.70
